
ROM used: 6924 (85%)
          7293 (89%) including unused fragments

          2 Average locations per line
          12 Average locations per statement

RAM used: 260 (71%) at main() level
          317 (86%) worst case

Stack used: 4 worst case (out of 8 total available)

Lines Stmts  %   Files
----- ----- ---  -----
  356   177  31  main.c
   17     0   0  main.h
  310     0   0  C:\Program Files (x86)\PICC\devices\16F877A.h
 2104   238  42  C:\Program Files (x86)\PICC\drivers\math.h
  399   155  27  esp8266.c
----- -----
 3186   570 Total

Page ROM  %  RAM   Vol Diff  Functions:
---- --- --- ---   --- ----  ----------
0     20   0   1             @delay_ms1
 Inline        0             @GETCH_BIU_1
1     67   1  10             @FLT
1     35   1   4             @SFTOI
1    206   3  14             @DIVFF
1    330   5  16             @ADDFF
1    121   2  13             @MULFF
2    652   9  22  1071  8.0  exp
1     41   1   2             @SITOF
2    774  11  25  1228  9.9  log
1    189   3  13   167  5.0  pow
0     25   0   1    93  2.6  ESP8266_AT
0      9   0   0             @const228
0     25   0   1    93  2.6  ESP8266_RST
0     13   0   0             @const230
0     38   1   2   122  2.8  ESP8266_CWMODE
0     19   0   0             @const233
0     23   0   3             @DIV88
0     66   1   2             @PRINTF_U_115200_62_63
1     87   1   9   165  3.8  ESP8266_CWJAP
0     25   0   0             @const243
0     54   1   5   128  3.3  ESP8266_CIPSTA
0     21   0   0             @const246
1     42   1   3   122  2.8  ESP8266_CIPSTO
0     20   0   0             @const249
1     93   1   9             @PRINTF_LU_115200_62_63
1     42   1   2   122  2.8  ESP8266_CIPMUX
0     19   0   0             @const254
1     55   1   4   155  3.1  ESP8266_CIPSERVER
0     26   0   0             @const258
 Inline        4   155  3.1  ESP8266_CIPSEND
0     24   0   0             @const268
0     25   0   4   131  3.5  ESP8266_clearBuffer
 Inline        5  2584  4.9  ESP8266_executeBuffer
0    228   3   0             @const281
0     94   1   0             @const283
0     67   1   0             @const285
0    117   2   0             @const287
0    123   2   0             @const289
0    120   2   0             @const291
0     64   1   0             @const293
0     12   0   0             @const295
0    131   2   0             @const297
0    134   2   0             @const299
0    131   2   0             @const301
1    330   5   5  1692  5.9  count_web_word_number
2    412   6   2  1059  3.9  show_web
1     15   0   1             @SPRINTF
1     67   1   2             @PRINTF_U_313
3   1149  17  24  3295  9.5  MAIN
1     70   1  13             @DIV3232
1     29   0   4             @DTOF
1     35   1   5             @FTOSD
1     39   1   5             @DIV1616
0    318   5   0    59  1.6  int_rda_isr

Program metrics:
    Functions               18
    Statements              570
    Comments                419
    Volume (V)              18918
    Difficilty (D)          79.5
    Effort to implement (E) 1504033
    Time to implement (T)   23 hours, 13 minutes
    Est Delivered Bugs (B)  4
    Cyclomatic Complexity   48
    Maintainability (MI)    125

 Segment     Used  Free
-----------  ----  ----
00000-00003     4  0  
00004-00034    49  0  
00035-007FF  1991  4  
00800-00FFF  1893  155  
01000-017FF  1838  210  
01800-01FFF  1149  899  



